TN:
SF:src\app\api\products\get-products-more-likes\route.ts
FN:4,GET
FNF:1
FNH:1
FNDA:1,GET
DA:1,1
DA:2,1
DA:3,1
DA:4,1
DA:5,1
DA:6,1
DA:7,1
DA:8,1
DA:9,1
DA:10,1
DA:11,1
DA:12,1
DA:13,1
DA:14,1
DA:15,1
DA:16,1
DA:17,1
DA:18,1
DA:19,1
DA:20,1
DA:21,1
DA:22,40
DA:23,40
DA:24,40
DA:25,40
DA:26,40
DA:27,40
DA:28,40
DA:29,1
DA:30,1
DA:31,1
DA:32,0
DA:33,0
DA:34,0
DA:35,0
DA:36,0
DA:37,1
DA:38,1
DA:39,1
DA:40,1
LF:40
LH:35
BRDA:4,0,0,1
BRDA:31,1,0,0
BRDA:21,2,0,40
BRF:3
BRH:2
end_of_record
TN:
SF:src\app\lib\neo4j.ts
FNF:0
FNH:0
DA:1,1
DA:2,1
DA:3,1
DA:4,1
DA:5,1
DA:6,1
DA:7,1
DA:8,1
DA:9,1
DA:10,1
DA:11,1
LF:11
LH:11
BRDA:4,0,0,0
BRDA:6,1,0,0
BRDA:7,2,0,0
BRF:3
BRH:0
end_of_record
